<?xml version="1.0" encoding="utf-8" standalone="no"?>
<!--This file represents the results of running a test suite-->
<test-results name="D:\c_sharp_Net\MVC\Ray.OA\Ray.OA.EFDAL\bin\Debug\Ray.OA.EFDAL.dll" total="1" errors="0" failures="0" not-run="0" inconclusive="0" ignored="0" skipped="0" invalid="0" date="2018-04-17" time="20:55:31">
  <environment nunit-version="2.6.3.13283" clr-version="2.0.50727.8825" os-version="Microsoft Windows NT 6.2.9200.0" platform="Win32NT" cwd="D:\NHibernate\Nunit\NUnit-2.6.3\NUnit-2.6.3\bin" machine-name="DESKTOP-ADCI965" user="Ray" user-domain="DESKTOP-ADCI965" />
  <culture-info current-culture="zh-CN" current-uiculture="zh-CN" />
  <test-suite type="Assembly" name="D:\c_sharp_Net\MVC\Ray.OA\Ray.OA.EFDAL\bin\Debug\Ray.OA.EFDAL.dll" executed="True" result="Success" success="True" time="0.031" asserts="0">
    <results>
      <test-suite type="Namespace" name="Ray" executed="True" result="Success" success="True" time="0.030" asserts="0">
        <results>
          <test-suite type="Namespace" name="OA" executed="True" result="Success" success="True" time="0.030" asserts="0">
            <results>
              <test-suite type="Namespace" name="EFDAL" executed="True" result="Success" success="True" time="0.030" asserts="0">
                <results>
                  <test-suite type="TestFixture" name="UserInfoDal" executed="True" result="Success" success="True" time="0.003" asserts="0">
                    <results>
                      <test-case name="Ray.OA.EFDAL.UserInfoDal.TestAddUser" executed="True" result="Success" success="True" time="0.002" asserts="0" />
                    </results>
                  </test-suite>
                </results>
              </test-suite>
            </results>
          </test-suite>
        </results>
      </test-suite>
    </results>
  </test-suite>
</test-results>